Starting up http-server, serving ./

http-server version: 14.1.0

http-server settings: 
CORS: true
Cache: 3600 seconds
Connection Timeout: 120 seconds
Directory Listings: visible
AutoIndex: visible
Serve GZIP Files: false
Serve Brotli Files: false
Default File Extension: none

Available on:
  http://127.0.0.1:8000
  http://192.168.101.41:8000
Hit CTRL-C to stop the server

[2022-05-24T04:42:06.878Z]  "GET /stationneo.env/1.png?time=1653367326817" "Mozilla/5.0 (Macintosh; Intel Mac OS X 10_15_7) AppleWebKit/537.36 (KHTML, like Gecko) Chrome/101.0.4951.64 Safari/537.36"
(node:9371) [DEP0066] DeprecationWarning: OutgoingMessage.prototype._headers is deprecated
(Use `node --trace-deprecation ...` to show where the warning was created)
[2022-05-24T04:42:06.884Z]  "GET /stationneo.env/1.png?time=1653367326817" Error (404): "Not found"
[2022-05-24T04:42:09.485Z]  "GET /stationneo.env/1.png?time=1653367329397" "Mozilla/5.0 (Macintosh; Intel Mac OS X 10_15_7) AppleWebKit/537.36 (KHTML, like Gecko) Chrome/101.0.4951.64 Safari/537.36"
[2022-05-24T04:42:09.486Z]  "GET /doosan/1.png?time=1653367329421" "Mozilla/5.0 (Macintosh; Intel Mac OS X 10_15_7) AppleWebKit/537.36 (KHTML, like Gecko) Chrome/101.0.4951.64 Safari/537.36"
[2022-05-24T04:42:09.487Z]  "GET /doosan/2.png?time=1653367329421" "Mozilla/5.0 (Macintosh; Intel Mac OS X 10_15_7) AppleWebKit/537.36 (KHTML, like Gecko) Chrome/101.0.4951.64 Safari/537.36"
[2022-05-24T04:42:09.487Z]  "GET /stationneo.env/1.png?time=1653367329397" Error (404): "Not found"
[2022-05-24T04:42:09.490Z]  "GET /doosan/2.png?time=1653367329421" Error (404): "Not found"
[2022-05-24T04:42:11.458Z]  "GET /doosan/1.png?time=1653367331425" "Mozilla/5.0 (Macintosh; Intel Mac OS X 10_15_7) AppleWebKit/537.36 (KHTML, like Gecko) Chrome/101.0.4951.64 Safari/537.36"
[2022-05-24T04:42:11.459Z]  "GET /doosan/2.png?time=1653367331425" "Mozilla/5.0 (Macintosh; Intel Mac OS X 10_15_7) AppleWebKit/537.36 (KHTML, like Gecko) Chrome/101.0.4951.64 Safari/537.36"
[2022-05-24T04:42:11.460Z]  "GET /doosan/2.png?time=1653367331425" Error (404): "Not found"
[2022-05-24T04:42:11.487Z]  "GET /doosan/1.png?time=1653367331463" "Mozilla/5.0 (Macintosh; Intel Mac OS X 10_15_7) AppleWebKit/537.36 (KHTML, like Gecko) Chrome/101.0.4951.64 Safari/537.36"
[2022-05-24T04:42:11.487Z]  "GET /doosan/2.png?time=1653367331463" "Mozilla/5.0 (Macintosh; Intel Mac OS X 10_15_7) AppleWebKit/537.36 (KHTML, like Gecko) Chrome/101.0.4951.64 Safari/537.36"
[2022-05-24T04:42:11.488Z]  "GET /doosan/2.png?time=1653367331463" Error (404): "Not found"
[2022-05-24T04:42:12.628Z]  "GET /doosan/1.png?time=1653367332607" "Mozilla/5.0 (Macintosh; Intel Mac OS X 10_15_7) AppleWebKit/537.36 (KHTML, like Gecko) Chrome/101.0.4951.64 Safari/537.36"
[2022-05-24T04:42:12.629Z]  "GET /doosan/2.png?time=1653367332607" "Mozilla/5.0 (Macintosh; Intel Mac OS X 10_15_7) AppleWebKit/537.36 (KHTML, like Gecko) Chrome/101.0.4951.64 Safari/537.36"
[2022-05-24T04:42:12.630Z]  "GET /doosan/2.png?time=1653367332607" Error (404): "Not found"
[2022-05-24T04:42:12.656Z]  "GET /doosan/1.png?time=1653367332634" "Mozilla/5.0 (Macintosh; Intel Mac OS X 10_15_7) AppleWebKit/537.36 (KHTML, like Gecko) Chrome/101.0.4951.64 Safari/537.36"
[2022-05-24T04:42:12.657Z]  "GET /doosan/2.png?time=1653367332634" "Mozilla/5.0 (Macintosh; Intel Mac OS X 10_15_7) AppleWebKit/537.36 (KHTML, like Gecko) Chrome/101.0.4951.64 Safari/537.36"
[2022-05-24T04:42:12.657Z]  "GET /doosan/2.png?time=1653367332634" Error (404): "Not found"
[2022-05-24T04:42:14.033Z]  "GET /doosan/1.png?time=1653367334007" "Mozilla/5.0 (Macintosh; Intel Mac OS X 10_15_7) AppleWebKit/537.36 (KHTML, like Gecko) Chrome/101.0.4951.64 Safari/537.36"
[2022-05-24T04:42:14.034Z]  "GET /doosan/2.png?time=1653367334007" "Mozilla/5.0 (Macintosh; Intel Mac OS X 10_15_7) AppleWebKit/537.36 (KHTML, like Gecko) Chrome/101.0.4951.64 Safari/537.36"
[2022-05-24T04:42:14.034Z]  "GET /doosan/2.png?time=1653367334007" Error (404): "Not found"
[2022-05-24T04:42:14.061Z]  "GET /doosan/1.png?time=1653367334039" "Mozilla/5.0 (Macintosh; Intel Mac OS X 10_15_7) AppleWebKit/537.36 (KHTML, like Gecko) Chrome/101.0.4951.64 Safari/537.36"
[2022-05-24T04:42:14.062Z]  "GET /doosan/2.png?time=1653367334039" "Mozilla/5.0 (Macintosh; Intel Mac OS X 10_15_7) AppleWebKit/537.36 (KHTML, like Gecko) Chrome/101.0.4951.64 Safari/537.36"
[2022-05-24T04:42:14.062Z]  "GET /doosan/2.png?time=1653367334039" Error (404): "Not found"
[2022-05-24T04:42:15.363Z]  "GET /doosan/1.png?time=1653367335340" "Mozilla/5.0 (Macintosh; Intel Mac OS X 10_15_7) AppleWebKit/537.36 (KHTML, like Gecko) Chrome/101.0.4951.64 Safari/537.36"
[2022-05-24T04:42:15.363Z]  "GET /doosan/2.png?time=1653367335340" "Mozilla/5.0 (Macintosh; Intel Mac OS X 10_15_7) AppleWebKit/537.36 (KHTML, like Gecko) Chrome/101.0.4951.64 Safari/537.36"
[2022-05-24T04:42:15.364Z]  "GET /doosan/2.png?time=1653367335340" Error (404): "Not found"
[2022-05-24T04:42:15.385Z]  "GET /doosan/1.png?time=1653367335365" "Mozilla/5.0 (Macintosh; Intel Mac OS X 10_15_7) AppleWebKit/537.36 (KHTML, like Gecko) Chrome/101.0.4951.64 Safari/537.36"
[2022-05-24T04:42:15.385Z]  "GET /doosan/2.png?time=1653367335365" "Mozilla/5.0 (Macintosh; Intel Mac OS X 10_15_7) AppleWebKit/537.36 (KHTML, like Gecko) Chrome/101.0.4951.64 Safari/537.36"
[2022-05-24T04:42:15.386Z]  "GET /doosan/2.png?time=1653367335365" Error (404): "Not found"
[2022-05-24T04:42:16.698Z]  "GET /doosan/1.png?time=1653367336673" "Mozilla/5.0 (Macintosh; Intel Mac OS X 10_15_7) AppleWebKit/537.36 (KHTML, like Gecko) Chrome/101.0.4951.64 Safari/537.36"
[2022-05-24T04:42:16.698Z]  "GET /doosan/2.png?time=1653367336673" "Mozilla/5.0 (Macintosh; Intel Mac OS X 10_15_7) AppleWebKit/537.36 (KHTML, like Gecko) Chrome/101.0.4951.64 Safari/537.36"
[2022-05-24T04:42:16.699Z]  "GET /doosan/2.png?time=1653367336673" Error (404): "Not found"
[2022-05-24T04:42:16.721Z]  "GET /doosan/1.png?time=1653367336700" "Mozilla/5.0 (Macintosh; Intel Mac OS X 10_15_7) AppleWebKit/537.36 (KHTML, like Gecko) Chrome/101.0.4951.64 Safari/537.36"
[2022-05-24T04:42:16.722Z]  "GET /doosan/2.png?time=1653367336700" "Mozilla/5.0 (Macintosh; Intel Mac OS X 10_15_7) AppleWebKit/537.36 (KHTML, like Gecko) Chrome/101.0.4951.64 Safari/537.36"
[2022-05-24T04:42:16.722Z]  "GET /doosan/2.png?time=1653367336700" Error (404): "Not found"
[2022-05-24T04:42:18.061Z]  "GET /doosan/1.png?time=1653367338039" "Mozilla/5.0 (Macintosh; Intel Mac OS X 10_15_7) AppleWebKit/537.36 (KHTML, like Gecko) Chrome/101.0.4951.64 Safari/537.36"
[2022-05-24T04:42:18.061Z]  "GET /doosan/2.png?time=1653367338039" "Mozilla/5.0 (Macintosh; Intel Mac OS X 10_15_7) AppleWebKit/537.36 (KHTML, like Gecko) Chrome/101.0.4951.64 Safari/537.36"
[2022-05-24T04:42:18.062Z]  "GET /doosan/2.png?time=1653367338039" Error (404): "Not found"
[2022-05-24T04:42:18.084Z]  "GET /doosan/1.png?time=1653367338063" "Mozilla/5.0 (Macintosh; Intel Mac OS X 10_15_7) AppleWebKit/537.36 (KHTML, like Gecko) Chrome/101.0.4951.64 Safari/537.36"
[2022-05-24T04:42:18.084Z]  "GET /doosan/2.png?time=1653367338063" "Mozilla/5.0 (Macintosh; Intel Mac OS X 10_15_7) AppleWebKit/537.36 (KHTML, like Gecko) Chrome/101.0.4951.64 Safari/537.36"
[2022-05-24T04:42:18.085Z]  "GET /doosan/2.png?time=1653367338063" Error (404): "Not found"
[2022-05-24T04:42:19.130Z]  "GET /doosan/1.png?time=1653367339106" "Mozilla/5.0 (Macintosh; Intel Mac OS X 10_15_7) AppleWebKit/537.36 (KHTML, like Gecko) Chrome/101.0.4951.64 Safari/537.36"
[2022-05-24T04:42:19.130Z]  "GET /doosan/2.png?time=1653367339106" "Mozilla/5.0 (Macintosh; Intel Mac OS X 10_15_7) AppleWebKit/537.36 (KHTML, like Gecko) Chrome/101.0.4951.64 Safari/537.36"
[2022-05-24T04:42:19.131Z]  "GET /doosan/2.png?time=1653367339106" Error (404): "Not found"
[2022-05-24T04:42:19.154Z]  "GET /doosan/1.png?time=1653367339132" "Mozilla/5.0 (Macintosh; Intel Mac OS X 10_15_7) AppleWebKit/537.36 (KHTML, like Gecko) Chrome/101.0.4951.64 Safari/537.36"
[2022-05-24T04:42:19.154Z]  "GET /doosan/2.png?time=1653367339132" "Mozilla/5.0 (Macintosh; Intel Mac OS X 10_15_7) AppleWebKit/537.36 (KHTML, like Gecko) Chrome/101.0.4951.64 Safari/537.36"
[2022-05-24T04:42:19.155Z]  "GET /doosan/2.png?time=1653367339132" Error (404): "Not found"
[2022-05-24T04:42:20.159Z]  "GET /doosan/1.png?time=1653367340138" "Mozilla/5.0 (Macintosh; Intel Mac OS X 10_15_7) AppleWebKit/537.36 (KHTML, like Gecko) Chrome/101.0.4951.64 Safari/537.36"
[2022-05-24T04:42:20.160Z]  "GET /doosan/2.png?time=1653367340138" "Mozilla/5.0 (Macintosh; Intel Mac OS X 10_15_7) AppleWebKit/537.36 (KHTML, like Gecko) Chrome/101.0.4951.64 Safari/537.36"
[2022-05-24T04:42:20.161Z]  "GET /doosan/2.png?time=1653367340138" Error (404): "Not found"
[2022-05-24T04:42:20.182Z]  "GET /doosan/1.png?time=1653367340162" "Mozilla/5.0 (Macintosh; Intel Mac OS X 10_15_7) AppleWebKit/537.36 (KHTML, like Gecko) Chrome/101.0.4951.64 Safari/537.36"
[2022-05-24T04:42:20.183Z]  "GET /doosan/2.png?time=1653367340162" "Mozilla/5.0 (Macintosh; Intel Mac OS X 10_15_7) AppleWebKit/537.36 (KHTML, like Gecko) Chrome/101.0.4951.64 Safari/537.36"
[2022-05-24T04:42:20.183Z]  "GET /doosan/2.png?time=1653367340162" Error (404): "Not found"
[2022-05-24T04:42:21.241Z]  "GET /doosan/1.png?time=1653367341222" "Mozilla/5.0 (Macintosh; Intel Mac OS X 10_15_7) AppleWebKit/537.36 (KHTML, like Gecko) Chrome/101.0.4951.64 Safari/537.36"
[2022-05-24T04:42:21.241Z]  "GET /doosan/2.png?time=1653367341222" "Mozilla/5.0 (Macintosh; Intel Mac OS X 10_15_7) AppleWebKit/537.36 (KHTML, like Gecko) Chrome/101.0.4951.64 Safari/537.36"
[2022-05-24T04:42:21.242Z]  "GET /doosan/2.png?time=1653367341222" Error (404): "Not found"
[2022-05-24T04:42:21.263Z]  "GET /doosan/1.png?time=1653367341244" "Mozilla/5.0 (Macintosh; Intel Mac OS X 10_15_7) AppleWebKit/537.36 (KHTML, like Gecko) Chrome/101.0.4951.64 Safari/537.36"
[2022-05-24T04:42:21.263Z]  "GET /doosan/2.png?time=1653367341244" "Mozilla/5.0 (Macintosh; Intel Mac OS X 10_15_7) AppleWebKit/537.36 (KHTML, like Gecko) Chrome/101.0.4951.64 Safari/537.36"
[2022-05-24T04:42:21.263Z]  "GET /doosan/2.png?time=1653367341244" Error (404): "Not found"
[2022-05-24T04:42:23.646Z]  "GET /doosan/1.png?time=1653367343623" "Mozilla/5.0 (Macintosh; Intel Mac OS X 10_15_7) AppleWebKit/537.36 (KHTML, like Gecko) Chrome/101.0.4951.64 Safari/537.36"
[2022-05-24T04:42:23.647Z]  "GET /doosan/2.png?time=1653367343623" "Mozilla/5.0 (Macintosh; Intel Mac OS X 10_15_7) AppleWebKit/537.36 (KHTML, like Gecko) Chrome/101.0.4951.64 Safari/537.36"
[2022-05-24T04:42:23.647Z]  "GET /doosan/2.png?time=1653367343623" Error (404): "Not found"
[2022-05-24T04:42:23.670Z]  "GET /doosan/1.png?time=1653367343652" "Mozilla/5.0 (Macintosh; Intel Mac OS X 10_15_7) AppleWebKit/537.36 (KHTML, like Gecko) Chrome/101.0.4951.64 Safari/537.36"
[2022-05-24T04:42:23.671Z]  "GET /doosan/2.png?time=1653367343652" "Mozilla/5.0 (Macintosh; Intel Mac OS X 10_15_7) AppleWebKit/537.36 (KHTML, like Gecko) Chrome/101.0.4951.64 Safari/537.36"
[2022-05-24T04:42:23.671Z]  "GET /doosan/2.png?time=1653367343652" Error (404): "Not found"
[2022-05-24T04:42:25.029Z]  "GET /doosan/1.png?time=1653367345006" "Mozilla/5.0 (Macintosh; Intel Mac OS X 10_15_7) AppleWebKit/537.36 (KHTML, like Gecko) Chrome/101.0.4951.64 Safari/537.36"
[2022-05-24T04:42:25.029Z]  "GET /doosan/2.png?time=1653367345006" "Mozilla/5.0 (Macintosh; Intel Mac OS X 10_15_7) AppleWebKit/537.36 (KHTML, like Gecko) Chrome/101.0.4951.64 Safari/537.36"
[2022-05-24T04:42:25.030Z]  "GET /doosan/2.png?time=1653367345006" Error (404): "Not found"
[2022-05-24T04:42:25.050Z]  "GET /doosan/1.png?time=1653367345031" "Mozilla/5.0 (Macintosh; Intel Mac OS X 10_15_7) AppleWebKit/537.36 (KHTML, like Gecko) Chrome/101.0.4951.64 Safari/537.36"
[2022-05-24T04:42:25.050Z]  "GET /doosan/2.png?time=1653367345031" "Mozilla/5.0 (Macintosh; Intel Mac OS X 10_15_7) AppleWebKit/537.36 (KHTML, like Gecko) Chrome/101.0.4951.64 Safari/537.36"
[2022-05-24T04:42:25.051Z]  "GET /doosan/2.png?time=1653367345031" Error (404): "Not found"
[2022-05-24T04:42:25.991Z]  "GET /doosan/1.png?time=1653367345972" "Mozilla/5.0 (Macintosh; Intel Mac OS X 10_15_7) AppleWebKit/537.36 (KHTML, like Gecko) Chrome/101.0.4951.64 Safari/537.36"
[2022-05-24T04:42:25.991Z]  "GET /doosan/2.png?time=1653367345972" "Mozilla/5.0 (Macintosh; Intel Mac OS X 10_15_7) AppleWebKit/537.36 (KHTML, like Gecko) Chrome/101.0.4951.64 Safari/537.36"
[2022-05-24T04:42:25.993Z]  "GET /doosan/2.png?time=1653367345972" Error (404): "Not found"
[2022-05-24T04:42:26.013Z]  "GET /doosan/1.png?time=1653367345993" "Mozilla/5.0 (Macintosh; Intel Mac OS X 10_15_7) AppleWebKit/537.36 (KHTML, like Gecko) Chrome/101.0.4951.64 Safari/537.36"
[2022-05-24T04:42:26.014Z]  "GET /doosan/2.png?time=1653367345993" "Mozilla/5.0 (Macintosh; Intel Mac OS X 10_15_7) AppleWebKit/537.36 (KHTML, like Gecko) Chrome/101.0.4951.64 Safari/537.36"
[2022-05-24T04:42:26.014Z]  "GET /doosan/2.png?time=1653367345993" Error (404): "Not found"
[2022-05-24T04:42:26.940Z]  "GET /doosan/1.png?time=1653367346921" "Mozilla/5.0 (Macintosh; Intel Mac OS X 10_15_7) AppleWebKit/537.36 (KHTML, like Gecko) Chrome/101.0.4951.64 Safari/537.36"
[2022-05-24T04:42:26.941Z]  "GET /doosan/2.png?time=1653367346921" "Mozilla/5.0 (Macintosh; Intel Mac OS X 10_15_7) AppleWebKit/537.36 (KHTML, like Gecko) Chrome/101.0.4951.64 Safari/537.36"
[2022-05-24T04:42:26.941Z]  "GET /doosan/2.png?time=1653367346921" Error (404): "Not found"
[2022-05-24T04:42:26.961Z]  "GET /doosan/1.png?time=1653367346942" "Mozilla/5.0 (Macintosh; Intel Mac OS X 10_15_7) AppleWebKit/537.36 (KHTML, like Gecko) Chrome/101.0.4951.64 Safari/537.36"
[2022-05-24T04:42:26.961Z]  "GET /doosan/2.png?time=1653367346942" "Mozilla/5.0 (Macintosh; Intel Mac OS X 10_15_7) AppleWebKit/537.36 (KHTML, like Gecko) Chrome/101.0.4951.64 Safari/537.36"
[2022-05-24T04:42:26.962Z]  "GET /doosan/2.png?time=1653367346942" Error (404): "Not found"
[2022-05-24T04:42:28.459Z]  "GET /doosan/1.png?time=1653367348440" "Mozilla/5.0 (Macintosh; Intel Mac OS X 10_15_7) AppleWebKit/537.36 (KHTML, like Gecko) Chrome/101.0.4951.64 Safari/537.36"
[2022-05-24T04:42:28.460Z]  "GET /doosan/2.png?time=1653367348440" "Mozilla/5.0 (Macintosh; Intel Mac OS X 10_15_7) AppleWebKit/537.36 (KHTML, like Gecko) Chrome/101.0.4951.64 Safari/537.36"
[2022-05-24T04:42:28.460Z]  "GET /doosan/2.png?time=1653367348440" Error (404): "Not found"
[2022-05-24T04:42:28.482Z]  "GET /doosan/1.png?time=1653367348462" "Mozilla/5.0 (Macintosh; Intel Mac OS X 10_15_7) AppleWebKit/537.36 (KHTML, like Gecko) Chrome/101.0.4951.64 Safari/537.36"
[2022-05-24T04:42:28.482Z]  "GET /doosan/2.png?time=1653367348462" "Mozilla/5.0 (Macintosh; Intel Mac OS X 10_15_7) AppleWebKit/537.36 (KHTML, like Gecko) Chrome/101.0.4951.64 Safari/537.36"
[2022-05-24T04:42:28.482Z]  "GET /doosan/2.png?time=1653367348462" Error (404): "Not found"
[2022-05-24T04:42:30.259Z]  "GET /doosan/1.png?time=1653367350239" "Mozilla/5.0 (Macintosh; Intel Mac OS X 10_15_7) AppleWebKit/537.36 (KHTML, like Gecko) Chrome/101.0.4951.64 Safari/537.36"
[2022-05-24T04:42:30.260Z]  "GET /doosan/2.png?time=1653367350239" "Mozilla/5.0 (Macintosh; Intel Mac OS X 10_15_7) AppleWebKit/537.36 (KHTML, like Gecko) Chrome/101.0.4951.64 Safari/537.36"
[2022-05-24T04:42:30.260Z]  "GET /doosan/2.png?time=1653367350239" Error (404): "Not found"
[2022-05-24T04:42:30.281Z]  "GET /doosan/1.png?time=1653367350261" "Mozilla/5.0 (Macintosh; Intel Mac OS X 10_15_7) AppleWebKit/537.36 (KHTML, like Gecko) Chrome/101.0.4951.64 Safari/537.36"
[2022-05-24T04:42:30.282Z]  "GET /doosan/2.png?time=1653367350262" "Mozilla/5.0 (Macintosh; Intel Mac OS X 10_15_7) AppleWebKit/537.36 (KHTML, like Gecko) Chrome/101.0.4951.64 Safari/537.36"
[2022-05-24T04:42:30.282Z]  "GET /doosan/2.png?time=1653367350262" Error (404): "Not found"
[2022-05-24T08:42:31.482Z]  "GET /doosan/1.png?time=1653381751398" "Mozilla/5.0 (Macintosh; Intel Mac OS X 10_15_7) AppleWebKit/537.36 (KHTML, like Gecko) Chrome/101.0.4951.64 Safari/537.36"
[2022-05-24T08:42:31.484Z]  "GET /doosan/2.png?time=1653381751398" "Mozilla/5.0 (Macintosh; Intel Mac OS X 10_15_7) AppleWebKit/537.36 (KHTML, like Gecko) Chrome/101.0.4951.64 Safari/537.36"
[2022-05-24T08:42:31.489Z]  "GET /doosan/2.png?time=1653381751398" Error (404): "Not found"
[2022-05-24T08:42:34.947Z]  "GET /doosan/1.png?time=1653381754901" "Mozilla/5.0 (Macintosh; Intel Mac OS X 10_15_7) AppleWebKit/537.36 (KHTML, like Gecko) Chrome/101.0.4951.64 Safari/537.36"
[2022-05-24T08:42:34.948Z]  "GET /doosan/2.png?time=1653381754901" "Mozilla/5.0 (Macintosh; Intel Mac OS X 10_15_7) AppleWebKit/537.36 (KHTML, like Gecko) Chrome/101.0.4951.64 Safari/537.36"
[2022-05-24T08:42:34.949Z]  "GET /doosan/2.png?time=1653381754901" Error (404): "Not found"
[2022-05-24T08:42:34.996Z]  "GET /doosan/1.png?time=1653381754957" "Mozilla/5.0 (Macintosh; Intel Mac OS X 10_15_7) AppleWebKit/537.36 (KHTML, like Gecko) Chrome/101.0.4951.64 Safari/537.36"
[2022-05-24T08:42:34.996Z]  "GET /doosan/2.png?time=1653381754957" "Mozilla/5.0 (Macintosh; Intel Mac OS X 10_15_7) AppleWebKit/537.36 (KHTML, like Gecko) Chrome/101.0.4951.64 Safari/537.36"
[2022-05-24T08:42:34.997Z]  "GET /doosan/2.png?time=1653381754957" Error (404): "Not found"
[2022-05-24T08:44:20.639Z]  "GET /doosan/1.png?time=1653381860552" "Mozilla/5.0 (Macintosh; Intel Mac OS X 10_15_7) AppleWebKit/537.36 (KHTML, like Gecko) Chrome/101.0.4951.64 Safari/537.36"
[2022-05-24T08:44:20.640Z]  "GET /doosan/2.png?time=1653381860552" "Mozilla/5.0 (Macintosh; Intel Mac OS X 10_15_7) AppleWebKit/537.36 (KHTML, like Gecko) Chrome/101.0.4951.64 Safari/537.36"
[2022-05-24T08:44:20.640Z]  "GET /doosan/2.png?time=1653381860552" Error (404): "Not found"
[2022-05-24T08:44:33.830Z]  "GET /doosan/1.png?time=1653381873754" "Mozilla/5.0 (Macintosh; Intel Mac OS X 10_15_7) AppleWebKit/537.36 (KHTML, like Gecko) Chrome/101.0.4951.64 Safari/537.36"
[2022-05-24T08:44:33.831Z]  "GET /doosan/2.png?time=1653381873754" "Mozilla/5.0 (Macintosh; Intel Mac OS X 10_15_7) AppleWebKit/537.36 (KHTML, like Gecko) Chrome/101.0.4951.64 Safari/537.36"
[2022-05-24T08:44:33.831Z]  "GET /snu-culture/1.png?time=1653381873803" "Mozilla/5.0 (Macintosh; Intel Mac OS X 10_15_7) AppleWebKit/537.36 (KHTML, like Gecko) Chrome/101.0.4951.64 Safari/537.36"
[2022-05-24T08:44:33.831Z]  "GET /doosan/2.png?time=1653381873754" Error (404): "Not found"
[2022-05-24T08:44:33.832Z]  "GET /snu-culture/1.png?time=1653381873803" Error (404): "Not found"
[2022-05-24T08:44:34.516Z]  "GET /snu-culture/1.png?time=1653381874454" "Mozilla/5.0 (Macintosh; Intel Mac OS X 10_15_7) AppleWebKit/537.36 (KHTML, like Gecko) Chrome/101.0.4951.64 Safari/537.36"
[2022-05-24T08:44:34.516Z]  "GET /doosan/1.png?time=1653381874460" "Mozilla/5.0 (Macintosh; Intel Mac OS X 10_15_7) AppleWebKit/537.36 (KHTML, like Gecko) Chrome/101.0.4951.64 Safari/537.36"
[2022-05-24T08:44:34.517Z]  "GET /doosan/2.png?time=1653381874460" "Mozilla/5.0 (Macintosh; Intel Mac OS X 10_15_7) AppleWebKit/537.36 (KHTML, like Gecko) Chrome/101.0.4951.64 Safari/537.36"
[2022-05-24T08:44:34.518Z]  "GET /snu-culture/1.png?time=1653381874454" Error (404): "Not found"
[2022-05-24T08:44:34.519Z]  "GET /doosan/2.png?time=1653381874460" Error (404): "Not found"
[2022-05-24T08:45:45.623Z]  "GET /doosan/1.png?time=1653381945564" "Mozilla/5.0 (Macintosh; Intel Mac OS X 10_15_7) AppleWebKit/537.36 (KHTML, like Gecko) Chrome/101.0.4951.64 Safari/537.36"
[2022-05-24T08:45:45.625Z]  "GET /doosan/2.png?time=1653381945564" "Mozilla/5.0 (Macintosh; Intel Mac OS X 10_15_7) AppleWebKit/537.36 (KHTML, like Gecko) Chrome/101.0.4951.64 Safari/537.36"
[2022-05-24T08:45:45.626Z]  "GET /snu-culture/1.png?time=1653381945605" "Mozilla/5.0 (Macintosh; Intel Mac OS X 10_15_7) AppleWebKit/537.36 (KHTML, like Gecko) Chrome/101.0.4951.64 Safari/537.36"
[2022-05-24T08:45:45.626Z]  "GET /doosan/2.png?time=1653381945564" Error (404): "Not found"
[2022-05-24T08:45:45.629Z]  "GET /snu-culture/1.png?time=1653381945605" Error (404): "Not found"
[2022-05-24T08:45:46.090Z]  "GET /snu-culture/1.png?time=1653381946014" "Mozilla/5.0 (Macintosh; Intel Mac OS X 10_15_7) AppleWebKit/537.36 (KHTML, like Gecko) Chrome/101.0.4951.64 Safari/537.36"
[2022-05-24T08:45:46.090Z]  "GET /doosan/1.png?time=1653381946019" "Mozilla/5.0 (Macintosh; Intel Mac OS X 10_15_7) AppleWebKit/537.36 (KHTML, like Gecko) Chrome/101.0.4951.64 Safari/537.36"
[2022-05-24T08:45:46.091Z]  "GET /doosan/2.png?time=1653381946019" "Mozilla/5.0 (Macintosh; Intel Mac OS X 10_15_7) AppleWebKit/537.36 (KHTML, like Gecko) Chrome/101.0.4951.64 Safari/537.36"
[2022-05-24T08:45:46.098Z]  "GET /snu-culture/1.png?time=1653381946014" Error (404): "Not found"
[2022-05-24T08:45:46.099Z]  "GET /doosan/2.png?time=1653381946019" Error (404): "Not found"
[2022-05-24T08:45:48.565Z]  "GET /doosan/1.png?time=1653381948488" "Mozilla/5.0 (Macintosh; Intel Mac OS X 10_15_7) AppleWebKit/537.36 (KHTML, like Gecko) Chrome/101.0.4951.64 Safari/537.36"
[2022-05-24T08:45:48.565Z]  "GET /doosan/2.png?time=1653381948488" "Mozilla/5.0 (Macintosh; Intel Mac OS X 10_15_7) AppleWebKit/537.36 (KHTML, like Gecko) Chrome/101.0.4951.64 Safari/537.36"
[2022-05-24T08:45:48.567Z]  "GET /doosan/2.png?time=1653381948488" Error (404): "Not found"
[2022-05-24T08:46:11.733Z]  "GET /doosan/1.png?time=1653381971657" "Mozilla/5.0 (Macintosh; Intel Mac OS X 10_15_7) AppleWebKit/537.36 (KHTML, like Gecko) Chrome/101.0.4951.64 Safari/537.36"
[2022-05-24T08:46:11.734Z]  "GET /doosan/2.png?time=1653381971657" "Mozilla/5.0 (Macintosh; Intel Mac OS X 10_15_7) AppleWebKit/537.36 (KHTML, like Gecko) Chrome/101.0.4951.64 Safari/537.36"
[2022-05-24T08:46:11.735Z]  "GET /doosan/2.png?time=1653381971657" Error (404): "Not found"
[2022-05-24T08:46:44.248Z]  "GET /keti-f4/1.png?time=1653382004219" "Mozilla/5.0 (Macintosh; Intel Mac OS X 10_15_7) AppleWebKit/537.36 (KHTML, like Gecko) Chrome/101.0.4951.64 Safari/537.36"
[2022-05-24T08:46:44.249Z]  "GET /keti-f4/1.png?time=1653382004219" Error (404): "Not found"
[2022-05-24T08:46:44.935Z]  "GET /keti-f4/1.png?time=1653382004846" "Mozilla/5.0 (Macintosh; Intel Mac OS X 10_15_7) AppleWebKit/537.36 (KHTML, like Gecko) Chrome/101.0.4951.64 Safari/537.36"
[2022-05-24T08:46:44.936Z]  "GET /doosan/1.png?time=1653382004866" "Mozilla/5.0 (Macintosh; Intel Mac OS X 10_15_7) AppleWebKit/537.36 (KHTML, like Gecko) Chrome/101.0.4951.64 Safari/537.36"
[2022-05-24T08:46:44.936Z]  "GET /doosan/2.png?time=1653382004866" "Mozilla/5.0 (Macintosh; Intel Mac OS X 10_15_7) AppleWebKit/537.36 (KHTML, like Gecko) Chrome/101.0.4951.64 Safari/537.36"
[2022-05-24T08:46:44.936Z]  "GET /keti-f4/1.png?time=1653382004846" Error (404): "Not found"
[2022-05-24T08:46:44.937Z]  "GET /doosan/2.png?time=1653382004866" Error (404): "Not found"
[2022-05-24T08:47:26.961Z]  "GET /doosan/1.png?time=1653382046869" "Mozilla/5.0 (Macintosh; Intel Mac OS X 10_15_7) AppleWebKit/537.36 (KHTML, like Gecko) Chrome/101.0.4951.64 Safari/537.36"
[2022-05-24T08:47:26.961Z]  "GET /doosan/2.png?time=1653382046869" "Mozilla/5.0 (Macintosh; Intel Mac OS X 10_15_7) AppleWebKit/537.36 (KHTML, like Gecko) Chrome/101.0.4951.64 Safari/537.36"
[2022-05-24T08:47:26.962Z]  "GET /doosan/2.png?time=1653382046869" Error (404): "Not found"
[2022-05-24T08:47:31.489Z]  "GET /doosan/1.png?time=1653382051458" "Mozilla/5.0 (Macintosh; Intel Mac OS X 10_15_7) AppleWebKit/537.36 (KHTML, like Gecko) Chrome/101.0.4951.64 Safari/537.36"
[2022-05-24T08:47:31.489Z]  "GET /doosan/2.png?time=1653382051458" "Mozilla/5.0 (Macintosh; Intel Mac OS X 10_15_7) AppleWebKit/537.36 (KHTML, like Gecko) Chrome/101.0.4951.64 Safari/537.36"
[2022-05-24T08:47:31.490Z]  "GET /doosan/2.png?time=1653382051458" Error (404): "Not found"
[2022-05-24T08:47:32.052Z]  "GET /doosan/1.png?time=1653382051997" "Mozilla/5.0 (Macintosh; Intel Mac OS X 10_15_7) AppleWebKit/537.36 (KHTML, like Gecko) Chrome/101.0.4951.64 Safari/537.36"
[2022-05-24T08:47:32.053Z]  "GET /doosan/2.png?time=1653382051997" "Mozilla/5.0 (Macintosh; Intel Mac OS X 10_15_7) AppleWebKit/537.36 (KHTML, like Gecko) Chrome/101.0.4951.64 Safari/537.36"
[2022-05-24T08:47:32.053Z]  "GET /snu-culture/1.png?time=1653382052025" "Mozilla/5.0 (Macintosh; Intel Mac OS X 10_15_7) AppleWebKit/537.36 (KHTML, like Gecko) Chrome/101.0.4951.64 Safari/537.36"
[2022-05-24T08:47:32.054Z]  "GET /doosan/2.png?time=1653382051997" Error (404): "Not found"
[2022-05-24T08:47:32.054Z]  "GET /snu-culture/1.png?time=1653382052025" Error (404): "Not found"
[2022-05-24T08:47:33.375Z]  "GET /snu-culture/1.png?time=1653382053359" "Mozilla/5.0 (Macintosh; Intel Mac OS X 10_15_7) AppleWebKit/537.36 (KHTML, like Gecko) Chrome/101.0.4951.64 Safari/537.36"
[2022-05-24T08:47:33.376Z]  "GET /snu-neweng1/1.png?time=1653382053366" "Mozilla/5.0 (Macintosh; Intel Mac OS X 10_15_7) AppleWebKit/537.36 (KHTML, like Gecko) Chrome/101.0.4951.64 Safari/537.36"
[2022-05-24T08:47:33.377Z]  "GET /snu-culture/1.png?time=1653382053359" Error (404): "Not found"
[2022-05-24T08:47:33.378Z]  "GET /snu-neweng1/1.png?time=1653382053366" Error (404): "Not found"
[2022-05-24T08:47:34.449Z]  "GET /snu-neweng1/1.png?time=1653382054392" "Mozilla/5.0 (Macintosh; Intel Mac OS X 10_15_7) AppleWebKit/537.36 (KHTML, like Gecko) Chrome/101.0.4951.64 Safari/537.36"
[2022-05-24T08:47:34.450Z]  "GET /stationneo.env/1.png?time=1653382054396" "Mozilla/5.0 (Macintosh; Intel Mac OS X 10_15_7) AppleWebKit/537.36 (KHTML, like Gecko) Chrome/101.0.4951.64 Safari/537.36"
[2022-05-24T08:47:34.450Z]  "GET /snu-neweng1/1.png?time=1653382054392" Error (404): "Not found"
[2022-05-24T08:47:34.450Z]  "GET /stationneo.env/1.png?time=1653382054396" Error (404): "Not found"
[2022-05-24T08:47:41.074Z]  "GET /stationneo.env/1.png?time=1653382061005" "Mozilla/5.0 (Macintosh; Intel Mac OS X 10_15_7) AppleWebKit/537.36 (KHTML, like Gecko) Chrome/101.0.4951.64 Safari/537.36"
[2022-05-24T08:47:41.075Z]  "GET /doosan/1.png?time=1653382061021" "Mozilla/5.0 (Macintosh; Intel Mac OS X 10_15_7) AppleWebKit/537.36 (KHTML, like Gecko) Chrome/101.0.4951.64 Safari/537.36"
[2022-05-24T08:47:41.075Z]  "GET /stationneo.env/1.png?time=1653382061005" Error (404): "Not found"
[2022-05-24T08:47:41.076Z]  "GET /doosan/2.png?time=1653382061021" "Mozilla/5.0 (Macintosh; Intel Mac OS X 10_15_7) AppleWebKit/537.36 (KHTML, like Gecko) Chrome/101.0.4951.64 Safari/537.36"
[2022-05-24T08:47:41.077Z]  "GET /doosan/2.png?time=1653382061021" Error (404): "Not found"
[2022-05-24T08:48:06.296Z]  "GET /stationneo.env/1.png?time=1653382086235" "Mozilla/5.0 (Macintosh; Intel Mac OS X 10_15_7) AppleWebKit/537.36 (KHTML, like Gecko) Chrome/101.0.4951.64 Safari/537.36"
[2022-05-24T08:48:06.297Z]  "GET /stationneo.env/1.png?time=1653382086235" Error (404): "Not found"
[2022-05-24T08:48:06.714Z]  "GET /stationneo.env/1.png?time=1653382086662" "Mozilla/5.0 (Macintosh; Intel Mac OS X 10_15_7) AppleWebKit/537.36 (KHTML, like Gecko) Chrome/101.0.4951.64 Safari/537.36"
[2022-05-24T08:48:06.714Z]  "GET /stationneo.env/1.png?time=1653382086662" Error (404): "Not found"
[2022-05-24T08:48:06.714Z]  "GET /snu-culture/1.png?time=1653382086691" "Mozilla/5.0 (Macintosh; Intel Mac OS X 10_15_7) AppleWebKit/537.36 (KHTML, like Gecko) Chrome/101.0.4951.64 Safari/537.36"
[2022-05-24T08:48:06.715Z]  "GET /snu-culture/1.png?time=1653382086691" Error (404): "Not found"
[2022-05-24T08:48:07.167Z]  "GET /snu-culture/1.png?time=1653382087078" "Mozilla/5.0 (Macintosh; Intel Mac OS X 10_15_7) AppleWebKit/537.36 (KHTML, like Gecko) Chrome/101.0.4951.64 Safari/537.36"
[2022-05-24T08:48:07.167Z]  "GET /doosan/1.png?time=1653382087086" "Mozilla/5.0 (Macintosh; Intel Mac OS X 10_15_7) AppleWebKit/537.36 (KHTML, like Gecko) Chrome/101.0.4951.64 Safari/537.36"
[2022-05-24T08:48:07.168Z]  "GET /snu-culture/1.png?time=1653382087078" Error (404): "Not found"
[2022-05-24T08:48:07.169Z]  "GET /doosan/2.png?time=1653382087086" "Mozilla/5.0 (Macintosh; Intel Mac OS X 10_15_7) AppleWebKit/537.36 (KHTML, like Gecko) Chrome/101.0.4951.64 Safari/537.36"
[2022-05-24T08:48:07.170Z]  "GET /doosan/2.png?time=1653382087086" Error (404): "Not found"
[2022-05-24T08:48:15.511Z]  "GET /keti-f4/1.png?time=1653382095479" "Mozilla/5.0 (Macintosh; Intel Mac OS X 10_15_7) AppleWebKit/537.36 (KHTML, like Gecko) Chrome/101.0.4951.64 Safari/537.36"
[2022-05-24T08:48:15.511Z]  "GET /keti-f4/1.png?time=1653382095479" Error (404): "Not found"
[2022-05-24T08:48:17.814Z]  "GET /keti-f4/1.png?time=1653382097728" "Mozilla/5.0 (Macintosh; Intel Mac OS X 10_15_7) AppleWebKit/537.36 (KHTML, like Gecko) Chrome/101.0.4951.64 Safari/537.36"
[2022-05-24T08:48:17.814Z]  "GET /keti-f4/1.png?time=1653382097728" Error (404): "Not found"
[2022-05-24T08:48:17.815Z]  "GET /doosan/1.png?time=1653382097747" "Mozilla/5.0 (Macintosh; Intel Mac OS X 10_15_7) AppleWebKit/537.36 (KHTML, like Gecko) Chrome/101.0.4951.64 Safari/537.36"
[2022-05-24T08:48:17.816Z]  "GET /doosan/2.png?time=1653382097747" "Mozilla/5.0 (Macintosh; Intel Mac OS X 10_15_7) AppleWebKit/537.36 (KHTML, like Gecko) Chrome/101.0.4951.64 Safari/537.36"
[2022-05-24T08:48:17.816Z]  "GET /doosan/2.png?time=1653382097748" "Mozilla/5.0 (Macintosh; Intel Mac OS X 10_15_7) AppleWebKit/537.36 (KHTML, like Gecko) Chrome/101.0.4951.64 Safari/537.36"
[2022-05-24T08:48:17.816Z]  "GET /doosan/2.png?time=1653382097747" Error (404): "Not found"
[2022-05-24T08:48:17.817Z]  "GET /doosan/2.png?time=1653382097748" Error (404): "Not found"
[2022-05-24T08:51:12.233Z]  "GET /doosan/1.png?time=1653382272158" "Mozilla/5.0 (Macintosh; Intel Mac OS X 10_15_7) AppleWebKit/537.36 (KHTML, like Gecko) Chrome/101.0.4951.64 Safari/537.36"
[2022-05-24T08:51:12.235Z]  "GET /doosan/2.png?time=1653382272158" "Mozilla/5.0 (Macintosh; Intel Mac OS X 10_15_7) AppleWebKit/537.36 (KHTML, like Gecko) Chrome/101.0.4951.64 Safari/537.36"
[2022-05-24T08:51:12.236Z]  "GET /doosan/2.png?time=1653382272158" Error (404): "Not found"
[2022-05-24T08:52:49.871Z]  "GET /doosan/1.png?time=1653382369790" "Mozilla/5.0 (Macintosh; Intel Mac OS X 10_15_7) AppleWebKit/537.36 (KHTML, like Gecko) Chrome/101.0.4951.64 Safari/537.36"
[2022-05-24T08:52:49.872Z]  "GET /doosan/2.png?time=1653382369790" "Mozilla/5.0 (Macintosh; Intel Mac OS X 10_15_7) AppleWebKit/537.36 (KHTML, like Gecko) Chrome/101.0.4951.64 Safari/537.36"
[2022-05-24T08:52:49.886Z]  "GET /doosan/2.png?time=1653382369790" Error (404): "Not found"
[2022-05-24T08:55:02.917Z]  "GET /doosan/1.png?time=1653382502837" "Mozilla/5.0 (Macintosh; Intel Mac OS X 10_15_7) AppleWebKit/537.36 (KHTML, like Gecko) Chrome/101.0.4951.64 Safari/537.36"
[2022-05-24T08:55:02.917Z]  "GET /doosan/2.png?time=1653382502837" "Mozilla/5.0 (Macintosh; Intel Mac OS X 10_15_7) AppleWebKit/537.36 (KHTML, like Gecko) Chrome/101.0.4951.64 Safari/537.36"
[2022-05-24T08:55:02.918Z]  "GET /doosan/2.png?time=1653382502837" Error (404): "Not found"
[2022-05-24T08:55:12.564Z]  "GET /doosan/1.png?time=1653382512482" "Mozilla/5.0 (Macintosh; Intel Mac OS X 10_15_7) AppleWebKit/537.36 (KHTML, like Gecko) Chrome/101.0.4951.64 Safari/537.36"
[2022-05-24T08:55:12.565Z]  "GET /doosan/2.png?time=1653382512482" "Mozilla/5.0 (Macintosh; Intel Mac OS X 10_15_7) AppleWebKit/537.36 (KHTML, like Gecko) Chrome/101.0.4951.64 Safari/537.36"
[2022-05-24T08:55:12.566Z]  "GET /doosan/2.png?time=1653382512482" Error (404): "Not found"
[2022-05-24T08:55:28.430Z]  "GET /doosan/1.png?time=1653382528352" "Mozilla/5.0 (Macintosh; Intel Mac OS X 10_15_7) AppleWebKit/537.36 (KHTML, like Gecko) Chrome/101.0.4951.64 Safari/537.36"
[2022-05-24T08:55:28.432Z]  "GET /doosan/2.png?time=1653382528352" "Mozilla/5.0 (Macintosh; Intel Mac OS X 10_15_7) AppleWebKit/537.36 (KHTML, like Gecko) Chrome/101.0.4951.64 Safari/537.36"
[2022-05-24T08:55:28.432Z]  "GET /doosan/2.png?time=1653382528352" Error (404): "Not found"
[2022-05-24T08:55:39.532Z]  "GET /doosan/1.png?time=1653382539454" "Mozilla/5.0 (Macintosh; Intel Mac OS X 10_15_7) AppleWebKit/537.36 (KHTML, like Gecko) Chrome/101.0.4951.64 Safari/537.36"
[2022-05-24T08:55:39.532Z]  "GET /doosan/2.png?time=1653382539454" "Mozilla/5.0 (Macintosh; Intel Mac OS X 10_15_7) AppleWebKit/537.36 (KHTML, like Gecko) Chrome/101.0.4951.64 Safari/537.36"
[2022-05-24T08:55:39.532Z]  "GET /doosan/2.png?time=1653382539454" Error (404): "Not found"
[2022-05-24T08:56:14.277Z]  "GET /doosan/1.png?time=1653382574185" "Mozilla/5.0 (Macintosh; Intel Mac OS X 10_15_7) AppleWebKit/537.36 (KHTML, like Gecko) Chrome/101.0.4951.64 Safari/537.36"
[2022-05-24T08:56:14.278Z]  "GET /doosan/2.png?time=1653382574185" "Mozilla/5.0 (Macintosh; Intel Mac OS X 10_15_7) AppleWebKit/537.36 (KHTML, like Gecko) Chrome/101.0.4951.64 Safari/537.36"
[2022-05-24T08:56:14.279Z]  "GET /doosan/2.png?time=1653382574185" Error (404): "Not found"
[2022-05-24T08:56:50.936Z]  "GET /doosan/1.png?time=1653382610859" "Mozilla/5.0 (Macintosh; Intel Mac OS X 10_15_7) AppleWebKit/537.36 (KHTML, like Gecko) Chrome/101.0.4951.64 Safari/537.36"
[2022-05-24T08:56:50.938Z]  "GET /doosan/2.png?time=1653382610859" "Mozilla/5.0 (Macintosh; Intel Mac OS X 10_15_7) AppleWebKit/537.36 (KHTML, like Gecko) Chrome/101.0.4951.64 Safari/537.36"
[2022-05-24T08:56:50.938Z]  "GET /doosan/2.png?time=1653382610859" Error (404): "Not found"
[2022-05-24T08:59:27.599Z]  "GET /doosan/1.png?time=1653382767513" "Mozilla/5.0 (Macintosh; Intel Mac OS X 10_15_7) AppleWebKit/537.36 (KHTML, like Gecko) Chrome/101.0.4951.64 Safari/537.36"
[2022-05-24T08:59:27.600Z]  "GET /doosan/2.png?time=1653382767513" "Mozilla/5.0 (Macintosh; Intel Mac OS X 10_15_7) AppleWebKit/537.36 (KHTML, like Gecko) Chrome/101.0.4951.64 Safari/537.36"
[2022-05-24T08:59:27.600Z]  "GET /doosan/2.png?time=1653382767513" Error (404): "Not found"
[2022-05-24T08:59:37.278Z]  "GET /snu-culture/1.png?time=1653382777260" "Mozilla/5.0 (Macintosh; Intel Mac OS X 10_15_7) AppleWebKit/537.36 (KHTML, like Gecko) Chrome/101.0.4951.64 Safari/537.36"
[2022-05-24T08:59:37.279Z]  "GET /snu-culture/1.png?time=1653382777260" Error (404): "Not found"
[2022-05-24T08:59:37.894Z]  "GET /snu-culture/1.png?time=1653382777810" "Mozilla/5.0 (Macintosh; Intel Mac OS X 10_15_7) AppleWebKit/537.36 (KHTML, like Gecko) Chrome/101.0.4951.64 Safari/537.36"
[2022-05-24T08:59:37.895Z]  "GET /snu-culture/1.png?time=1653382777810" Error (404): "Not found"
[2022-05-24T08:59:37.896Z]  "GET /doosan/1.png?time=1653382777822" "Mozilla/5.0 (Macintosh; Intel Mac OS X 10_15_7) AppleWebKit/537.36 (KHTML, like Gecko) Chrome/101.0.4951.64 Safari/537.36"
[2022-05-24T08:59:37.897Z]  "GET /doosan/2.png?time=1653382777822" "Mozilla/5.0 (Macintosh; Intel Mac OS X 10_15_7) AppleWebKit/537.36 (KHTML, like Gecko) Chrome/101.0.4951.64 Safari/537.36"
[2022-05-24T08:59:37.897Z]  "GET /doosan/2.png?time=1653382777822" Error (404): "Not found"
[2022-05-24T08:59:51.356Z]  "GET /doosan/1.png?time=1653382791276" "Mozilla/5.0 (Macintosh; Intel Mac OS X 10_15_7) AppleWebKit/537.36 (KHTML, like Gecko) Chrome/101.0.4951.64 Safari/537.36"
[2022-05-24T08:59:51.357Z]  "GET /doosan/2.png?time=1653382791276" "Mozilla/5.0 (Macintosh; Intel Mac OS X 10_15_7) AppleWebKit/537.36 (KHTML, like Gecko) Chrome/101.0.4951.64 Safari/537.36"
[2022-05-24T08:59:51.357Z]  "GET /doosan/2.png?time=1653382791276" Error (404): "Not found"
[2022-05-24T09:00:25.872Z]  "GET /doosan/1.png?time=1653382825786" "Mozilla/5.0 (Macintosh; Intel Mac OS X 10_15_7) AppleWebKit/537.36 (KHTML, like Gecko) Chrome/101.0.4951.64 Safari/537.36"
[2022-05-24T09:00:25.877Z]  "GET /doosan/2.png?time=1653382825786" "Mozilla/5.0 (Macintosh; Intel Mac OS X 10_15_7) AppleWebKit/537.36 (KHTML, like Gecko) Chrome/101.0.4951.64 Safari/537.36"
[2022-05-24T09:00:25.878Z]  "GET /doosan/2.png?time=1653382825786" Error (404): "Not found"
[2022-05-24T09:00:32.548Z]  "GET /doosan/1.png?time=1653382832502" "Mozilla/5.0 (Macintosh; Intel Mac OS X 10_15_7) AppleWebKit/537.36 (KHTML, like Gecko) Chrome/101.0.4951.64 Safari/537.36"
[2022-05-24T09:00:32.548Z]  "GET /doosan/2.png?time=1653382832502" "Mozilla/5.0 (Macintosh; Intel Mac OS X 10_15_7) AppleWebKit/537.36 (KHTML, like Gecko) Chrome/101.0.4951.64 Safari/537.36"
[2022-05-24T09:00:32.549Z]  "GET /doosan/2.png?time=1653382832502" Error (404): "Not found"
[2022-05-24T09:00:33.547Z]  "GET /doosan/1.png?time=1653382833508" "Mozilla/5.0 (Macintosh; Intel Mac OS X 10_15_7) AppleWebKit/537.36 (KHTML, like Gecko) Chrome/101.0.4951.64 Safari/537.36"
[2022-05-24T09:00:33.548Z]  "GET /doosan/2.png?time=1653382833508" "Mozilla/5.0 (Macintosh; Intel Mac OS X 10_15_7) AppleWebKit/537.36 (KHTML, like Gecko) Chrome/101.0.4951.64 Safari/537.36"
[2022-05-24T09:00:33.548Z]  "GET /doosan/2.png?time=1653382833508" Error (404): "Not found"
Starting up http-server, serving ./

http-server version: 14.1.0

http-server settings: 
CORS: true
Cache: 3600 seconds
Connection Timeout: 120 seconds
Directory Listings: visible
AutoIndex: visible
Serve GZIP Files: false
Serve Brotli Files: false
Default File Extension: none

Available on:
  http://127.0.0.1:8000
  http://192.168.101.118:8000
Hit CTRL-C to stop the server

http-server stopped.
Starting up http-server, serving ./

http-server version: 14.1.0

http-server settings: 
CORS: true
Cache: 3600 seconds
Connection Timeout: 120 seconds
Directory Listings: visible
AutoIndex: visible
Serve GZIP Files: false
Serve Brotli Files: false
Default File Extension: none

Available on:
  http://127.0.0.1:8000
  http://192.168.101.118:8000
Hit CTRL-C to stop the server

[2022-06-13T08:52:59.645Z]  "GET /doosan/1.png?time=1655110379592" "Mozilla/5.0 (X11; Linux x86_64) AppleWebKit/537.36 (KHTML, like Gecko) Chrome/102.0.0.0 Safari/537.36"
(node:5746) [DEP0066] DeprecationWarning: OutgoingMessage.prototype._headers is deprecated
(Use `node --trace-deprecation ...` to show where the warning was created)
[2022-06-13T08:52:59.647Z]  "GET /doosan/2.png?time=1655110379592" "Mozilla/5.0 (X11; Linux x86_64) AppleWebKit/537.36 (KHTML, like Gecko) Chrome/102.0.0.0 Safari/537.36"
[2022-06-13T08:52:59.648Z]  "GET /doosan/2.png?time=1655110379592" Error (404): "Not found"
[2022-06-13T08:53:01.328Z]  "GET /doosan/1.png?time=1655110381277" "Mozilla/5.0 (X11; Linux x86_64) AppleWebKit/537.36 (KHTML, like Gecko) Chrome/102.0.0.0 Safari/537.36"
[2022-06-13T08:53:01.329Z]  "GET /doosan/2.png?time=1655110381277" "Mozilla/5.0 (X11; Linux x86_64) AppleWebKit/537.36 (KHTML, like Gecko) Chrome/102.0.0.0 Safari/537.36"
[2022-06-13T08:53:01.329Z]  "GET /doosan/2.png?time=1655110381277" Error (404): "Not found"
[2022-06-13T08:53:02.499Z]  "GET /doosan/1.png?time=1655110382490" "Mozilla/5.0 (X11; Linux x86_64) AppleWebKit/537.36 (KHTML, like Gecko) Chrome/102.0.0.0 Safari/537.36"
[2022-06-13T08:53:02.499Z]  "GET /doosan/2.png?time=1655110382490" "Mozilla/5.0 (X11; Linux x86_64) AppleWebKit/537.36 (KHTML, like Gecko) Chrome/102.0.0.0 Safari/537.36"
[2022-06-13T08:53:02.500Z]  "GET /doosan/2.png?time=1655110382490" Error (404): "Not found"
[2022-06-13T08:53:04.415Z]  "GET /doosan/1.png?time=1655110384393" "Mozilla/5.0 (X11; Linux x86_64) AppleWebKit/537.36 (KHTML, like Gecko) Chrome/102.0.0.0 Safari/537.36"
[2022-06-13T08:53:04.415Z]  "GET /doosan/2.png?time=1655110384393" "Mozilla/5.0 (X11; Linux x86_64) AppleWebKit/537.36 (KHTML, like Gecko) Chrome/102.0.0.0 Safari/537.36"
[2022-06-13T08:53:04.416Z]  "GET /doosan/2.png?time=1655110384393" Error (404): "Not found"
[2022-06-13T08:53:06.512Z]  "GET /doosan/1.png?time=1655110386485" "Mozilla/5.0 (X11; Linux x86_64) AppleWebKit/537.36 (KHTML, like Gecko) Chrome/102.0.0.0 Safari/537.36"
[2022-06-13T08:53:06.513Z]  "GET /doosan/2.png?time=1655110386485" "Mozilla/5.0 (X11; Linux x86_64) AppleWebKit/537.36 (KHTML, like Gecko) Chrome/102.0.0.0 Safari/537.36"
[2022-06-13T08:53:06.514Z]  "GET /doosan/2.png?time=1655110386485" Error (404): "Not found"
[2022-06-13T08:53:07.108Z]  "GET /doosan/1.png?time=1655110387102" "Mozilla/5.0 (X11; Linux x86_64) AppleWebKit/537.36 (KHTML, like Gecko) Chrome/102.0.0.0 Safari/537.36"
[2022-06-13T08:53:07.108Z]  "GET /doosan/2.png?time=1655110387102" "Mozilla/5.0 (X11; Linux x86_64) AppleWebKit/537.36 (KHTML, like Gecko) Chrome/102.0.0.0 Safari/537.36"
[2022-06-13T08:53:07.109Z]  "GET /doosan/2.png?time=1655110387102" Error (404): "Not found"
[2022-06-13T08:53:07.591Z]  "GET /doosan/1.png?time=1655110387563" "Mozilla/5.0 (X11; Linux x86_64) AppleWebKit/537.36 (KHTML, like Gecko) Chrome/102.0.0.0 Safari/537.36"
[2022-06-13T08:53:07.592Z]  "GET /doosan/2.png?time=1655110387563" "Mozilla/5.0 (X11; Linux x86_64) AppleWebKit/537.36 (KHTML, like Gecko) Chrome/102.0.0.0 Safari/537.36"
[2022-06-13T08:53:07.593Z]  "GET /doosan/2.png?time=1655110387563" Error (404): "Not found"
[2022-06-13T08:53:08.063Z]  "GET /doosan/1.png?time=1655110388024" "Mozilla/5.0 (X11; Linux x86_64) AppleWebKit/537.36 (KHTML, like Gecko) Chrome/102.0.0.0 Safari/537.36"
[2022-06-13T08:53:08.064Z]  "GET /doosan/2.png?time=1655110388024" "Mozilla/5.0 (X11; Linux x86_64) AppleWebKit/537.36 (KHTML, like Gecko) Chrome/102.0.0.0 Safari/537.36"
[2022-06-13T08:53:08.065Z]  "GET /doosan/2.png?time=1655110388024" Error (404): "Not found"
[2022-06-13T08:53:09.354Z]  "GET /doosan/1.png?time=1655110389341" "Mozilla/5.0 (X11; Linux x86_64) AppleWebKit/537.36 (KHTML, like Gecko) Chrome/102.0.0.0 Safari/537.36"
[2022-06-13T08:53:09.354Z]  "GET /doosan/2.png?time=1655110389341" "Mozilla/5.0 (X11; Linux x86_64) AppleWebKit/537.36 (KHTML, like Gecko) Chrome/102.0.0.0 Safari/537.36"
[2022-06-13T08:53:09.354Z]  "GET /doosan/2.png?time=1655110389341" Error (404): "Not found"
[2022-06-13T08:53:15.222Z]  "GET /doosan/1.png?time=1655110395147" "Mozilla/5.0 (X11; Linux x86_64) AppleWebKit/537.36 (KHTML, like Gecko) Chrome/102.0.0.0 Safari/537.36"
[2022-06-13T08:53:15.222Z]  "GET /doosan/2.png?time=1655110395147" "Mozilla/5.0 (X11; Linux x86_64) AppleWebKit/537.36 (KHTML, like Gecko) Chrome/102.0.0.0 Safari/537.36"
[2022-06-13T08:53:15.222Z]  "GET /doosan/2.png?time=1655110395147" Error (404): "Not found"
[2022-06-13T08:53:18.012Z]  "GET /doosan/1.png?time=1655110397971" "Mozilla/5.0 (X11; Linux x86_64) AppleWebKit/537.36 (KHTML, like Gecko) Chrome/102.0.0.0 Safari/537.36"
[2022-06-13T08:53:18.012Z]  "GET /doosan/2.png?time=1655110397972" "Mozilla/5.0 (X11; Linux x86_64) AppleWebKit/537.36 (KHTML, like Gecko) Chrome/102.0.0.0 Safari/537.36"
[2022-06-13T08:53:18.013Z]  "GET /doosan/2.png?time=1655110397972" Error (404): "Not found"
[2022-06-13T08:53:25.460Z]  "GET /doosan/1.png?time=1655110405420" "Mozilla/5.0 (X11; Linux x86_64) AppleWebKit/537.36 (KHTML, like Gecko) Chrome/102.0.0.0 Safari/537.36"
[2022-06-13T08:53:33.382Z]  "GET /doosan/1.png?time=1655110413345" "Mozilla/5.0 (X11; Linux x86_64) AppleWebKit/537.36 (KHTML, like Gecko) Chrome/102.0.0.0 Safari/537.36"
[2022-06-13T08:53:33.382Z]  "GET /doosan/2.png?time=1655110413345" "Mozilla/5.0 (X11; Linux x86_64) AppleWebKit/537.36 (KHTML, like Gecko) Chrome/102.0.0.0 Safari/537.36"
[2022-06-13T08:53:33.383Z]  "GET /doosan/2.png?time=1655110413345" Error (404): "Not found"
[2022-06-13T08:53:33.750Z]  "GET /doosan/1.png?time=1655110413719" "Mozilla/5.0 (X11; Linux x86_64) AppleWebKit/537.36 (KHTML, like Gecko) Chrome/102.0.0.0 Safari/537.36"
[2022-06-13T08:53:33.751Z]  "GET /doosan/2.png?time=1655110413719" "Mozilla/5.0 (X11; Linux x86_64) AppleWebKit/537.36 (KHTML, like Gecko) Chrome/102.0.0.0 Safari/537.36"
[2022-06-13T08:53:33.751Z]  "GET /doosan/2.png?time=1655110413719" Error (404): "Not found"
[2022-06-13T08:53:34.083Z]  "GET /doosan/1.png?time=1655110414057" "Mozilla/5.0 (X11; Linux x86_64) AppleWebKit/537.36 (KHTML, like Gecko) Chrome/102.0.0.0 Safari/537.36"
[2022-06-13T08:53:34.084Z]  "GET /doosan/2.png?time=1655110414057" "Mozilla/5.0 (X11; Linux x86_64) AppleWebKit/537.36 (KHTML, like Gecko) Chrome/102.0.0.0 Safari/537.36"
[2022-06-13T08:53:34.086Z]  "GET /doosan/2.png?time=1655110414057" Error (404): "Not found"
[2022-06-13T08:53:34.681Z]  "GET /doosan/1.png?time=1655110414653" "Mozilla/5.0 (X11; Linux x86_64) AppleWebKit/537.36 (KHTML, like Gecko) Chrome/102.0.0.0 Safari/537.36"
[2022-06-13T08:53:34.682Z]  "GET /doosan/2.png?time=1655110414653" "Mozilla/5.0 (X11; Linux x86_64) AppleWebKit/537.36 (KHTML, like Gecko) Chrome/102.0.0.0 Safari/537.36"
[2022-06-13T08:53:34.684Z]  "GET /doosan/2.png?time=1655110414653" Error (404): "Not found"
[2022-06-13T08:53:35.006Z]  "GET /doosan/1.png?time=1655110414978" "Mozilla/5.0 (X11; Linux x86_64) AppleWebKit/537.36 (KHTML, like Gecko) Chrome/102.0.0.0 Safari/537.36"
[2022-06-13T08:53:35.007Z]  "GET /doosan/2.png?time=1655110414979" "Mozilla/5.0 (X11; Linux x86_64) AppleWebKit/537.36 (KHTML, like Gecko) Chrome/102.0.0.0 Safari/537.36"
[2022-06-13T08:53:35.008Z]  "GET /doosan/2.png?time=1655110414979" Error (404): "Not found"
[2022-06-13T08:53:35.380Z]  "GET /doosan/1.png?time=1655110415341" "Mozilla/5.0 (X11; Linux x86_64) AppleWebKit/537.36 (KHTML, like Gecko) Chrome/102.0.0.0 Safari/537.36"
[2022-06-13T08:53:35.381Z]  "GET /doosan/2.png?time=1655110415341" "Mozilla/5.0 (X11; Linux x86_64) AppleWebKit/537.36 (KHTML, like Gecko) Chrome/102.0.0.0 Safari/537.36"
[2022-06-13T08:53:35.382Z]  "GET /doosan/2.png?time=1655110415341" Error (404): "Not found"
[2022-06-13T08:53:36.284Z]  "GET /doosan/1.png?time=1655110416272" "Mozilla/5.0 (X11; Linux x86_64) AppleWebKit/537.36 (KHTML, like Gecko) Chrome/102.0.0.0 Safari/537.36"
[2022-06-13T08:53:36.284Z]  "GET /doosan/2.png?time=1655110416272" "Mozilla/5.0 (X11; Linux x86_64) AppleWebKit/537.36 (KHTML, like Gecko) Chrome/102.0.0.0 Safari/537.36"
[2022-06-13T08:53:36.285Z]  "GET /doosan/2.png?time=1655110416272" Error (404): "Not found"
[2022-06-13T08:53:43.481Z]  "GET /doosan/1.png?time=1655110423426" "Mozilla/5.0 (X11; Linux x86_64) AppleWebKit/537.36 (KHTML, like Gecko) Chrome/102.0.0.0 Safari/537.36"
[2022-06-13T08:53:43.481Z]  "GET /doosan/2.png?time=1655110423426" "Mozilla/5.0 (X11; Linux x86_64) AppleWebKit/537.36 (KHTML, like Gecko) Chrome/102.0.0.0 Safari/537.36"
[2022-06-13T08:53:43.482Z]  "GET /keti-f4/1.png?time=1655110423455" "Mozilla/5.0 (X11; Linux x86_64) AppleWebKit/537.36 (KHTML, like Gecko) Chrome/102.0.0.0 Safari/537.36"
[2022-06-13T08:53:43.482Z]  "GET /doosan/2.png?time=1655110423426" Error (404): "Not found"
[2022-06-13T08:53:43.482Z]  "GET /keti-f4/1.png?time=1655110423455" Error (404): "Not found"
[2022-06-13T08:53:45.575Z]  "GET /keti-f4/1.png?time=1655110425532" "Mozilla/5.0 (X11; Linux x86_64) AppleWebKit/537.36 (KHTML, like Gecko) Chrome/102.0.0.0 Safari/537.36"
[2022-06-13T08:53:45.576Z]  "GET /stationneo.env/1.png?time=1655110425543" "Mozilla/5.0 (X11; Linux x86_64) AppleWebKit/537.36 (KHTML, like Gecko) Chrome/102.0.0.0 Safari/537.36"
[2022-06-13T08:53:45.576Z]  "GET /keti-f4/1.png?time=1655110425532" Error (404): "Not found"
[2022-06-13T08:53:45.576Z]  "GET /stationneo.env/1.png?time=1655110425543" Error (404): "Not found"
[2022-06-13T08:53:50.395Z]  "GET /stationneo.env/1.png?time=1655110430368" "Mozilla/5.0 (X11; Linux x86_64) AppleWebKit/537.36 (KHTML, like Gecko) Chrome/102.0.0.0 Safari/537.36"
[2022-06-13T08:53:50.396Z]  "GET /smartmeter-env/1.png?time=1655110430384" "Mozilla/5.0 (X11; Linux x86_64) AppleWebKit/537.36 (KHTML, like Gecko) Chrome/102.0.0.0 Safari/537.36"
[2022-06-13T08:53:50.396Z]  "GET /stationneo.env/1.png?time=1655110430368" Error (404): "Not found"
[2022-06-13T08:53:50.396Z]  "GET /smartmeter-env/1.png?time=1655110430384" Error (404): "Not found"
[2022-06-13T08:53:51.519Z]  "GET /smartmeter-env/1.png?time=1655110431505" "Mozilla/5.0 (X11; Linux x86_64) AppleWebKit/537.36 (KHTML, like Gecko) Chrome/102.0.0.0 Safari/537.36"
[2022-06-13T08:53:51.520Z]  "GET /smartmeter-env/1.png?time=1655110431505" Error (404): "Not found"
[2022-06-13T08:53:52.169Z]  "GET /smartmeter-env/1.png?time=1655110432157" "Mozilla/5.0 (X11; Linux x86_64) AppleWebKit/537.36 (KHTML, like Gecko) Chrome/102.0.0.0 Safari/537.36"
[2022-06-13T08:53:52.173Z]  "GET /smartmeter-env/1.png?time=1655110432157" Error (404): "Not found"
[2022-06-13T08:53:52.912Z]  "GET /smartmeter-env/1.png?time=1655110432899" "Mozilla/5.0 (X11; Linux x86_64) AppleWebKit/537.36 (KHTML, like Gecko) Chrome/102.0.0.0 Safari/537.36"
[2022-06-13T08:53:52.913Z]  "GET /smartmeter-env/1.png?time=1655110432899" Error (404): "Not found"
[2022-06-13T08:53:54.182Z]  "GET /smartmeter-env/1.png?time=1655110434170" "Mozilla/5.0 (X11; Linux x86_64) AppleWebKit/537.36 (KHTML, like Gecko) Chrome/102.0.0.0 Safari/537.36"
[2022-06-13T08:53:54.182Z]  "GET /smartmeter-env/1.png?time=1655110434170" Error (404): "Not found"
[2022-06-13T08:53:54.498Z]  "GET /smartmeter-env/1.png?time=1655110434485" "Mozilla/5.0 (X11; Linux x86_64) AppleWebKit/537.36 (KHTML, like Gecko) Chrome/102.0.0.0 Safari/537.36"
[2022-06-13T08:53:54.499Z]  "GET /smartmeter-env/1.png?time=1655110434485" Error (404): "Not found"
[2022-06-13T08:53:54.978Z]  "GET /smartmeter-env/1.png?time=1655110434969" "Mozilla/5.0 (X11; Linux x86_64) AppleWebKit/537.36 (KHTML, like Gecko) Chrome/102.0.0.0 Safari/537.36"
[2022-06-13T08:53:54.978Z]  "GET /smartmeter-env/1.png?time=1655110434969" Error (404): "Not found"
[2022-06-13T08:53:55.601Z]  "GET /smartmeter-env/1.png?time=1655110435588" "Mozilla/5.0 (X11; Linux x86_64) AppleWebKit/537.36 (KHTML, like Gecko) Chrome/102.0.0.0 Safari/537.36"
[2022-06-13T08:53:55.602Z]  "GET /smartmeter-env/1.png?time=1655110435588" Error (404): "Not found"
[2022-06-13T08:53:56.369Z]  "GET /smartmeter-env/1.png?time=1655110436342" "Mozilla/5.0 (X11; Linux x86_64) AppleWebKit/537.36 (KHTML, like Gecko) Chrome/102.0.0.0 Safari/537.36"
[2022-06-13T08:53:56.370Z]  "GET /smartmeter-env/1.png?time=1655110436342" Error (404): "Not found"
[2022-06-13T08:53:56.370Z]  "GET /doosan/1.png?time=1655110436345" "Mozilla/5.0 (X11; Linux x86_64) AppleWebKit/537.36 (KHTML, like Gecko) Chrome/102.0.0.0 Safari/537.36"
[2022-06-13T08:53:56.371Z]  "GET /doosan/2.png?time=1655110436345" "Mozilla/5.0 (X11; Linux x86_64) AppleWebKit/537.36 (KHTML, like Gecko) Chrome/102.0.0.0 Safari/537.36"
[2022-06-13T08:53:56.371Z]  "GET /doosan/2.png?time=1655110436345" Error (404): "Not found"
[2022-06-13T08:53:57.334Z]  "GET /doosan/1.png?time=1655110437298" "Mozilla/5.0 (X11; Linux x86_64) AppleWebKit/537.36 (KHTML, like Gecko) Chrome/102.0.0.0 Safari/537.36"
[2022-06-13T08:53:57.334Z]  "GET /doosan/2.png?time=1655110437298" "Mozilla/5.0 (X11; Linux x86_64) AppleWebKit/537.36 (KHTML, like Gecko) Chrome/102.0.0.0 Safari/537.36"
[2022-06-13T08:53:57.335Z]  "GET /sju-chungmu.env/1.png?time=1655110437323" "Mozilla/5.0 (X11; Linux x86_64) AppleWebKit/537.36 (KHTML, like Gecko) Chrome/102.0.0.0 Safari/537.36"
[2022-06-13T08:53:57.335Z]  "GET /doosan/2.png?time=1655110437298" Error (404): "Not found"
[2022-06-13T08:53:57.335Z]  "GET /sju-chungmu.env/1.png?time=1655110437323" Error (404): "Not found"
[2022-06-13T08:53:57.671Z]  "GET /sju-chungmu.env/1.png?time=1655110437642" "Mozilla/5.0 (X11; Linux x86_64) AppleWebKit/537.36 (KHTML, like Gecko) Chrome/102.0.0.0 Safari/537.36"
[2022-06-13T08:53:57.672Z]  "GET /smartmeter-env/1.png?time=1655110437654" "Mozilla/5.0 (X11; Linux x86_64) AppleWebKit/537.36 (KHTML, like Gecko) Chrome/102.0.0.0 Safari/537.36"
[2022-06-13T08:53:57.673Z]  "GET /sju-chungmu.env/1.png?time=1655110437642" Error (404): "Not found"
[2022-06-13T08:53:57.673Z]  "GET /smartmeter-env/1.png?time=1655110437654" Error (404): "Not found"
[2022-06-13T08:54:36.093Z]  "GET /smartmeter-env/1.png?time=1655110476065" "Mozilla/5.0 (X11; Linux x86_64) AppleWebKit/537.36 (KHTML, like Gecko) Chrome/102.0.0.0 Safari/537.36"
[2022-06-13T08:54:36.093Z]  "GET /doosan/1.png?time=1655110476069" "Mozilla/5.0 (X11; Linux x86_64) AppleWebKit/537.36 (KHTML, like Gecko) Chrome/102.0.0.0 Safari/537.36"
[2022-06-13T08:54:36.094Z]  "GET /doosan/2.png?time=1655110476069" "Mozilla/5.0 (X11; Linux x86_64) AppleWebKit/537.36 (KHTML, like Gecko) Chrome/102.0.0.0 Safari/537.36"
[2022-06-13T08:54:36.094Z]  "GET /smartmeter-env/1.png?time=1655110476065" Error (404): "Not found"
[2022-06-13T08:54:36.094Z]  "GET /doosan/2.png?time=1655110476069" Error (404): "Not found"
[2022-06-13T08:54:41.500Z]  "GET /doosan/1.png?time=1655110481490" "Mozilla/5.0 (X11; Linux x86_64) AppleWebKit/537.36 (KHTML, like Gecko) Chrome/102.0.0.0 Safari/537.36"
[2022-06-13T08:54:41.500Z]  "GET /doosan/2.png?time=1655110481490" "Mozilla/5.0 (X11; Linux x86_64) AppleWebKit/537.36 (KHTML, like Gecko) Chrome/102.0.0.0 Safari/537.36"
[2022-06-13T08:54:41.501Z]  "GET /doosan/2.png?time=1655110481490" Error (404): "Not found"
[2022-06-13T08:54:42.024Z]  "GET /doosan/1.png?time=1655110482017" "Mozilla/5.0 (X11; Linux x86_64) AppleWebKit/537.36 (KHTML, like Gecko) Chrome/102.0.0.0 Safari/537.36"
[2022-06-13T08:54:42.025Z]  "GET /doosan/2.png?time=1655110482017" "Mozilla/5.0 (X11; Linux x86_64) AppleWebKit/537.36 (KHTML, like Gecko) Chrome/102.0.0.0 Safari/537.36"
[2022-06-13T08:54:42.025Z]  "GET /doosan/2.png?time=1655110482017" Error (404): "Not found"
[2022-06-13T08:54:42.836Z]  "GET /doosan/1.png?time=1655110482804" "Mozilla/5.0 (X11; Linux x86_64) AppleWebKit/537.36 (KHTML, like Gecko) Chrome/102.0.0.0 Safari/537.36"
[2022-06-13T08:54:42.837Z]  "GET /doosan/2.png?time=1655110482804" "Mozilla/5.0 (X11; Linux x86_64) AppleWebKit/537.36 (KHTML, like Gecko) Chrome/102.0.0.0 Safari/537.36"
[2022-06-13T08:54:42.837Z]  "GET /doosan/2.png?time=1655110482804" Error (404): "Not found"
[2022-06-13T08:54:43.592Z]  "GET /doosan/1.png?time=1655110483569" "Mozilla/5.0 (X11; Linux x86_64) AppleWebKit/537.36 (KHTML, like Gecko) Chrome/102.0.0.0 Safari/537.36"
[2022-06-13T08:54:43.593Z]  "GET /doosan/2.png?time=1655110483569" "Mozilla/5.0 (X11; Linux x86_64) AppleWebKit/537.36 (KHTML, like Gecko) Chrome/102.0.0.0 Safari/537.36"
[2022-06-13T08:54:43.594Z]  "GET /doosan/2.png?time=1655110483569" Error (404): "Not found"
[2022-06-13T08:54:44.439Z]  "GET /doosan/1.png?time=1655110484432" "Mozilla/5.0 (X11; Linux x86_64) AppleWebKit/537.36 (KHTML, like Gecko) Chrome/102.0.0.0 Safari/537.36"
[2022-06-13T08:54:44.439Z]  "GET /doosan/2.png?time=1655110484432" "Mozilla/5.0 (X11; Linux x86_64) AppleWebKit/537.36 (KHTML, like Gecko) Chrome/102.0.0.0 Safari/537.36"
[2022-06-13T08:54:44.440Z]  "GET /doosan/2.png?time=1655110484432" Error (404): "Not found"
[2022-06-13T08:54:45.142Z]  "GET /doosan/1.png?time=1655110485133" "Mozilla/5.0 (X11; Linux x86_64) AppleWebKit/537.36 (KHTML, like Gecko) Chrome/102.0.0.0 Safari/537.36"
[2022-06-13T08:54:45.142Z]  "GET /doosan/2.png?time=1655110485133" "Mozilla/5.0 (X11; Linux x86_64) AppleWebKit/537.36 (KHTML, like Gecko) Chrome/102.0.0.0 Safari/537.36"
[2022-06-13T08:54:45.142Z]  "GET /doosan/2.png?time=1655110485133" Error (404): "Not found"
[2022-06-13T08:54:45.545Z]  "GET /doosan/1.png?time=1655110485538" "Mozilla/5.0 (X11; Linux x86_64) AppleWebKit/537.36 (KHTML, like Gecko) Chrome/102.0.0.0 Safari/537.36"
[2022-06-13T08:54:45.545Z]  "GET /doosan/2.png?time=1655110485538" "Mozilla/5.0 (X11; Linux x86_64) AppleWebKit/537.36 (KHTML, like Gecko) Chrome/102.0.0.0 Safari/537.36"
[2022-06-13T08:54:45.546Z]  "GET /doosan/2.png?time=1655110485538" Error (404): "Not found"
[2022-06-13T08:54:46.589Z]  "GET /doosan/1.png?time=1655110486561" "Mozilla/5.0 (X11; Linux x86_64) AppleWebKit/537.36 (KHTML, like Gecko) Chrome/102.0.0.0 Safari/537.36"
[2022-06-13T08:54:46.590Z]  "GET /doosan/2.png?time=1655110486561" "Mozilla/5.0 (X11; Linux x86_64) AppleWebKit/537.36 (KHTML, like Gecko) Chrome/102.0.0.0 Safari/537.36"
[2022-06-13T08:54:46.592Z]  "GET /doosan/2.png?time=1655110486561" Error (404): "Not found"
[2022-06-13T08:54:47.188Z]  "GET /doosan/1.png?time=1655110487157" "Mozilla/5.0 (X11; Linux x86_64) AppleWebKit/537.36 (KHTML, like Gecko) Chrome/102.0.0.0 Safari/537.36"
[2022-06-13T08:54:47.189Z]  "GET /doosan/2.png?time=1655110487157" "Mozilla/5.0 (X11; Linux x86_64) AppleWebKit/537.36 (KHTML, like Gecko) Chrome/102.0.0.0 Safari/537.36"
[2022-06-13T08:54:47.190Z]  "GET /doosan/2.png?time=1655110487157" Error (404): "Not found"
[2022-06-13T08:54:47.566Z]  "GET /doosan/1.png?time=1655110487541" "Mozilla/5.0 (X11; Linux x86_64) AppleWebKit/537.36 (KHTML, like Gecko) Chrome/102.0.0.0 Safari/537.36"
[2022-06-13T08:54:47.567Z]  "GET /doosan/2.png?time=1655110487541" "Mozilla/5.0 (X11; Linux x86_64) AppleWebKit/537.36 (KHTML, like Gecko) Chrome/102.0.0.0 Safari/537.36"
[2022-06-13T08:54:47.568Z]  "GET /doosan/2.png?time=1655110487541" Error (404): "Not found"
[2022-06-13T08:54:48.243Z]  "GET /doosan/1.png?time=1655110488215" "Mozilla/5.0 (X11; Linux x86_64) AppleWebKit/537.36 (KHTML, like Gecko) Chrome/102.0.0.0 Safari/537.36"
[2022-06-13T08:54:48.244Z]  "GET /doosan/2.png?time=1655110488215" "Mozilla/5.0 (X11; Linux x86_64) AppleWebKit/537.36 (KHTML, like Gecko) Chrome/102.0.0.0 Safari/537.36"
[2022-06-13T08:54:48.245Z]  "GET /doosan/2.png?time=1655110488215" Error (404): "Not found"
[2022-06-13T08:54:48.671Z]  "GET /doosan/1.png?time=1655110488609" "Mozilla/5.0 (X11; Linux x86_64) AppleWebKit/537.36 (KHTML, like Gecko) Chrome/102.0.0.0 Safari/537.36"
[2022-06-13T08:54:48.671Z]  "GET /doosan/2.png?time=1655110488609" "Mozilla/5.0 (X11; Linux x86_64) AppleWebKit/537.36 (KHTML, like Gecko) Chrome/102.0.0.0 Safari/537.36"
[2022-06-13T08:54:48.672Z]  "GET /doosan/2.png?time=1655110488609" Error (404): "Not found"
[2022-06-13T08:54:49.384Z]  "GET /doosan/1.png?time=1655110489375" "Mozilla/5.0 (X11; Linux x86_64) AppleWebKit/537.36 (KHTML, like Gecko) Chrome/102.0.0.0 Safari/537.36"
[2022-06-13T08:54:49.385Z]  "GET /doosan/2.png?time=1655110489375" "Mozilla/5.0 (X11; Linux x86_64) AppleWebKit/537.36 (KHTML, like Gecko) Chrome/102.0.0.0 Safari/537.36"
[2022-06-13T08:54:49.385Z]  "GET /doosan/2.png?time=1655110489375" Error (404): "Not found"
[2022-06-13T08:54:49.668Z]  "GET /doosan/1.png?time=1655110489610" "Mozilla/5.0 (X11; Linux x86_64) AppleWebKit/537.36 (KHTML, like Gecko) Chrome/102.0.0.0 Safari/537.36"
[2022-06-13T08:54:49.668Z]  "GET /doosan/2.png?time=1655110489610" "Mozilla/5.0 (X11; Linux x86_64) AppleWebKit/537.36 (KHTML, like Gecko) Chrome/102.0.0.0 Safari/537.36"
[2022-06-13T08:54:49.668Z]  "GET /doosan/2.png?time=1655110489610" Error (404): "Not found"
[2022-06-13T08:54:50.784Z]  "GET /doosan/1.png?time=1655110490757" "Mozilla/5.0 (X11; Linux x86_64) AppleWebKit/537.36 (KHTML, like Gecko) Chrome/102.0.0.0 Safari/537.36"
[2022-06-13T08:54:50.784Z]  "GET /doosan/2.png?time=1655110490758" "Mozilla/5.0 (X11; Linux x86_64) AppleWebKit/537.36 (KHTML, like Gecko) Chrome/102.0.0.0 Safari/537.36"
[2022-06-13T08:54:50.784Z]  "GET /doosan/2.png?time=1655110490758" Error (404): "Not found"
[2022-06-13T08:54:52.812Z]  "GET /doosan/1.png?time=1655110492785" "Mozilla/5.0 (X11; Linux x86_64) AppleWebKit/537.36 (KHTML, like Gecko) Chrome/102.0.0.0 Safari/537.36"
[2022-06-13T08:54:52.812Z]  "GET /doosan/2.png?time=1655110492785" "Mozilla/5.0 (X11; Linux x86_64) AppleWebKit/537.36 (KHTML, like Gecko) Chrome/102.0.0.0 Safari/537.36"
[2022-06-13T08:54:52.813Z]  "GET /doosan/2.png?time=1655110492785" Error (404): "Not found"
[2022-06-13T08:54:53.752Z]  "GET /doosan/1.png?time=1655110493725" "Mozilla/5.0 (X11; Linux x86_64) AppleWebKit/537.36 (KHTML, like Gecko) Chrome/102.0.0.0 Safari/537.36"
[2022-06-13T08:54:53.752Z]  "GET /doosan/2.png?time=1655110493725" "Mozilla/5.0 (X11; Linux x86_64) AppleWebKit/537.36 (KHTML, like Gecko) Chrome/102.0.0.0 Safari/537.36"
[2022-06-13T08:54:53.752Z]  "GET /doosan/2.png?time=1655110493725" Error (404): "Not found"
[2022-06-13T08:54:55.159Z]  "GET /doosan/1.png?time=1655110495134" "Mozilla/5.0 (X11; Linux x86_64) AppleWebKit/537.36 (KHTML, like Gecko) Chrome/102.0.0.0 Safari/537.36"
[2022-06-13T08:54:55.160Z]  "GET /doosan/2.png?time=1655110495134" "Mozilla/5.0 (X11; Linux x86_64) AppleWebKit/537.36 (KHTML, like Gecko) Chrome/102.0.0.0 Safari/537.36"
[2022-06-13T08:54:55.160Z]  "GET /doosan/2.png?time=1655110495134" Error (404): "Not found"
[2022-06-13T08:54:55.703Z]  "GET /doosan/1.png?time=1655110495635" "Mozilla/5.0 (X11; Linux x86_64) AppleWebKit/537.36 (KHTML, like Gecko) Chrome/102.0.0.0 Safari/537.36"
[2022-06-13T08:54:55.704Z]  "GET /doosan/2.png?time=1655110495635" "Mozilla/5.0 (X11; Linux x86_64) AppleWebKit/537.36 (KHTML, like Gecko) Chrome/102.0.0.0 Safari/537.36"
[2022-06-13T08:54:55.704Z]  "GET /doosan/2.png?time=1655110495635" Error (404): "Not found"
[2022-06-13T08:54:56.308Z]  "GET /doosan/1.png?time=1655110496281" "Mozilla/5.0 (X11; Linux x86_64) AppleWebKit/537.36 (KHTML, like Gecko) Chrome/102.0.0.0 Safari/537.36"
[2022-06-13T08:54:56.308Z]  "GET /doosan/2.png?time=1655110496281" "Mozilla/5.0 (X11; Linux x86_64) AppleWebKit/537.36 (KHTML, like Gecko) Chrome/102.0.0.0 Safari/537.36"
[2022-06-13T08:54:56.309Z]  "GET /doosan/2.png?time=1655110496281" Error (404): "Not found"
[2022-06-13T08:54:56.772Z]  "GET /doosan/1.png?time=1655110496731" "Mozilla/5.0 (X11; Linux x86_64) AppleWebKit/537.36 (KHTML, like Gecko) Chrome/102.0.0.0 Safari/537.36"
[2022-06-13T08:54:56.772Z]  "GET /doosan/2.png?time=1655110496731" "Mozilla/5.0 (X11; Linux x86_64) AppleWebKit/537.36 (KHTML, like Gecko) Chrome/102.0.0.0 Safari/537.36"
[2022-06-13T08:54:56.773Z]  "GET /doosan/2.png?time=1655110496731" Error (404): "Not found"
[2022-06-13T08:54:57.803Z]  "GET /doosan/1.png?time=1655110497777" "Mozilla/5.0 (X11; Linux x86_64) AppleWebKit/537.36 (KHTML, like Gecko) Chrome/102.0.0.0 Safari/537.36"
[2022-06-13T08:54:57.804Z]  "GET /doosan/2.png?time=1655110497777" "Mozilla/5.0 (X11; Linux x86_64) AppleWebKit/537.36 (KHTML, like Gecko) Chrome/102.0.0.0 Safari/537.36"
[2022-06-13T08:54:57.804Z]  "GET /doosan/2.png?time=1655110497777" Error (404): "Not found"
[2022-06-13T09:00:20.812Z]  "GET /doosan/1.png?time=1655110820820" "Mozilla/5.0 (Macintosh; Intel Mac OS X 10_15_7) AppleWebKit/537.36 (KHTML, like Gecko) Chrome/102.0.0.0 Safari/537.36"
